{"/Users/vitormanoel/Desktop/projetos/onp/teste_pleno/routes.ts": {"path":"/Users/vitormanoel/Desktop/projetos/onp/teste_pleno/routes.ts","statementMap":{"0":{"start":{"line":1,"column":0},"end":{"line":1,"column":52}},"1":{"start":{"line":4,"column":15},"end":{"line":4,"column":23}},"2":{"start":{"line":6,"column":0},"end":{"line":6,"column":null}},"3":{"start":{"line":6,"column":49},"end":{"line":6,"column":73}},"4":{"start":{"line":8,"column":0},"end":{"line":8,"column":22}}},"fnMap":{"0":{"name":"(anonymous_1)","decl":{"start":{"line":6,"column":16},"end":{"line":6,"column":17}},"loc":{"start":{"line":6,"column":49},"end":{"line":6,"column":73}}}},"branchMap":{},"s":{"0":1,"1":1,"2":1,"3":1,"4":1},"f":{"0":1},"b":{}}
,"/Users/vitormanoel/Desktop/projetos/onp/teste_pleno/server.ts": {"path":"/Users/vitormanoel/Desktop/projetos/onp/teste_pleno/server.ts","statementMap":{"0":{"start":{"line":1,"column":0},"end":{"line":1,"column":53}},"1":{"start":{"line":2,"column":0},"end":{"line":2,"column":28}},"2":{"start":{"line":3,"column":0},"end":{"line":3,"column":43}},"3":{"start":{"line":6,"column":0},"end":{"line":6,"column":30}},"4":{"start":{"line":7,"column":0},"end":{"line":7,"column":41}},"5":{"start":{"line":9,"column":0},"end":{"line":9,"column":null}},"6":{"start":{"line":11,"column":15},"end":{"line":11,"column":24}},"7":{"start":{"line":13,"column":0},"end":{"line":13,"column":27}},"8":{"start":{"line":14,"column":0},"end":{"line":14,"column":19}},"9":{"start":{"line":16,"column":0},"end":{"line":16,"column":61}},"10":{"start":{"line":17,"column":23},"end":{"line":17,"column":54}},"11":{"start":{"line":19,"column":0},"end":{"line":19,"column":30}}},"fnMap":{},"branchMap":{},"s":{"0":1,"1":1,"2":1,"3":1,"4":1,"5":1,"6":1,"7":1,"8":1,"9":1,"10":1,"11":1},"f":{},"b":{}}
,"/Users/vitormanoel/Desktop/projetos/onp/teste_pleno/swaggerOptions.ts": {"path":"/Users/vitormanoel/Desktop/projetos/onp/teste_pleno/swaggerOptions.ts","statementMap":{"0":{"start":{"line":1,"column":0},"end":{"line":1,"column":41}},"1":{"start":{"line":3,"column":38},"end":{"line":12,"column":null}},"2":{"start":{"line":14,"column":13},"end":{"line":14,"column":43}}},"fnMap":{},"branchMap":{},"s":{"0":1,"1":1,"2":1},"f":{},"b":{}}
,"/Users/vitormanoel/Desktop/projetos/onp/teste_pleno/src/repositories/in-memory/InMemoryUsuarioRepository.ts": {"path":"/Users/vitormanoel/Desktop/projetos/onp/teste_pleno/src/repositories/in-memory/InMemoryUsuarioRepository.ts","statementMap":{"0":{"start":{"line":5,"column":12},"end":{"line":5,"column":37}},"1":{"start":{"line":8,"column":8},"end":{"line":15,"column":null}},"2":{"start":{"line":19,"column":24},"end":{"line":19,"column":80}},"3":{"start":{"line":19,"column":56},"end":{"line":19,"column":79}},"4":{"start":{"line":21,"column":8},"end":{"line":23,"column":null}},"5":{"start":{"line":22,"column":12},"end":{"line":22,"column":24}},"6":{"start":{"line":25,"column":8},"end":{"line":25,"column":23}},"7":{"start":{"line":30,"column":0},"end":{"line":30,"column":41}}},"fnMap":{"0":{"name":"(anonymous_0)","decl":{"start":{"line":7,"column":4},"end":{"line":7,"column":null}},"loc":{"start":{"line":7,"column":4},"end":{"line":16,"column":5}}},"1":{"name":"(anonymous_1)","decl":{"start":{"line":18,"column":4},"end":{"line":18,"column":14}},"loc":{"start":{"line":18,"column":28},"end":{"line":26,"column":5}}},"2":{"name":"(anonymous_2)","decl":{"start":{"line":19,"column":43},"end":{"line":19,"column":44}},"loc":{"start":{"line":19,"column":56},"end":{"line":19,"column":79}}}},"branchMap":{"0":{"loc":{"start":{"line":21,"column":8},"end":{"line":23,"column":null}},"type":"if","locations":[{"start":{"line":21,"column":8},"end":{"line":23,"column":null}}]}},"s":{"0":2,"1":2,"2":5,"3":5,"4":5,"5":2,"6":3,"7":2},"f":{"0":2,"1":5,"2":5},"b":{"0":[2]}}
,"/Users/vitormanoel/Desktop/projetos/onp/teste_pleno/src/services/AuthService.ts": {"path":"/Users/vitormanoel/Desktop/projetos/onp/teste_pleno/src/services/AuthService.ts","statementMap":{"0":{"start":{"line":1,"column":0},"end":{"line":1,"column":28}},"1":{"start":{"line":3,"column":0},"end":{"line":3,"column":92}},"2":{"start":{"line":7,"column":34},"end":{"line":7,"column":65}},"3":{"start":{"line":13,"column":29},"end":{"line":13,"column":72}},"4":{"start":{"line":15,"column":8},"end":{"line":17,"column":null}},"5":{"start":{"line":16,"column":12},"end":{"line":16,"column":60}},"6":{"start":{"line":19,"column":34},"end":{"line":19,"column":81}},"7":{"start":{"line":21,"column":8},"end":{"line":23,"column":null}},"8":{"start":{"line":22,"column":12},"end":{"line":22,"column":null}},"9":{"start":{"line":27,"column":8},"end":{"line":27,"column":38}},"10":{"start":{"line":32,"column":0},"end":{"line":32,"column":27}}},"fnMap":{"0":{"name":"(anonymous_8)","decl":{"start":{"line":11,"column":10},"end":{"line":11,"column":17}},"loc":{"start":{"line":11,"column":46},"end":{"line":28,"column":null}}}},"branchMap":{"0":{"loc":{"start":{"line":15,"column":8},"end":{"line":17,"column":null}},"type":"if","locations":[{"start":{"line":15,"column":8},"end":{"line":17,"column":null}}]},"1":{"loc":{"start":{"line":21,"column":8},"end":{"line":23,"column":null}},"type":"if","locations":[{"start":{"line":21,"column":8},"end":{"line":23,"column":null}}]}},"s":{"0":1,"1":1,"2":1,"3":3,"4":3,"5":1,"6":2,"7":2,"8":1,"9":1,"10":1},"f":{"0":3},"b":{"0":[1],"1":[1]}}
,"/Users/vitormanoel/Desktop/projetos/onp/teste_pleno/src/services/MailService.ts": {"path":"/Users/vitormanoel/Desktop/projetos/onp/teste_pleno/src/services/MailService.ts","statementMap":{"0":{"start":{"line":1,"column":0},"end":{"line":1,"column":67}},"1":{"start":{"line":11,"column":8},"end":{"line":11,"column":60}},"2":{"start":{"line":12,"column":8},"end":{"line":12,"column":60}},"3":{"start":{"line":13,"column":8},"end":{"line":13,"column":52}},"4":{"start":{"line":14,"column":8},"end":{"line":14,"column":47}},"5":{"start":{"line":18,"column":8},"end":{"line":20,"column":null}},"6":{"start":{"line":19,"column":12},"end":{"line":19,"column":96}},"7":{"start":{"line":22,"column":26},"end":{"line":22,"column":128}},"8":{"start":{"line":23,"column":8},"end":{"line":23,"column":25}},"9":{"start":{"line":29,"column":0},"end":{"line":29,"column":27}}},"fnMap":{"0":{"name":"(anonymous_7)","decl":{"start":{"line":10,"column":4},"end":{"line":10,"column":null}},"loc":{"start":{"line":10,"column":4},"end":{"line":15,"column":5}}},"1":{"name":"(anonymous_8)","decl":{"start":{"line":17,"column":10},"end":{"line":17,"column":17}},"loc":{"start":{"line":17,"column":73},"end":{"line":24,"column":null}}}},"branchMap":{"0":{"loc":{"start":{"line":18,"column":8},"end":{"line":20,"column":null}},"type":"if","locations":[{"start":{"line":18,"column":8},"end":{"line":20,"column":null}}]},"1":{"loc":{"start":{"line":18,"column":11},"end":{"line":18,"column":108}},"type":"binary-expr","locations":[{"start":{"line":18,"column":11},"end":{"line":18,"column":16}},{"start":{"line":18,"column":20},"end":{"line":18,"column":23}},{"start":{"line":18,"column":27},"end":{"line":18,"column":35}},{"start":{"line":18,"column":39},"end":{"line":18,"column":44}},{"start":{"line":18,"column":48},"end":{"line":18,"column":62}},{"start":{"line":18,"column":66},"end":{"line":18,"column":80}},{"start":{"line":18,"column":84},"end":{"line":18,"column":94}},{"start":{"line":18,"column":98},"end":{"line":18,"column":108}}]}},"s":{"0":1,"1":1,"2":1,"3":1,"4":1,"5":1,"6":1,"7":0,"8":0,"9":1},"f":{"0":1,"1":1},"b":{"0":[1],"1":[1,1,1,0,0,0,0,0]}}
,"/Users/vitormanoel/Desktop/projetos/onp/teste_pleno/src/services/helpers/AuthHelper.ts": {"path":"/Users/vitormanoel/Desktop/projetos/onp/teste_pleno/src/services/helpers/AuthHelper.ts","statementMap":{"0":{"start":{"line":2,"column":16},"end":{"line":2,"column":23}},"1":{"start":{"line":3,"column":16},"end":{"line":3,"column":23}},"2":{"start":{"line":4,"column":19},"end":{"line":4,"column":68}},"3":{"start":{"line":5,"column":4},"end":{"line":5,"column":29}},"4":{"start":{"line":1,"column":0},"end":{"line":1,"column":16}}},"fnMap":{"0":{"name":"gerarCodigo","decl":{"start":{"line":1,"column":16},"end":{"line":1,"column":27}},"loc":{"start":{"line":1,"column":27},"end":{"line":6,"column":1}}}},"branchMap":{},"s":{"0":1,"1":1,"2":1,"3":1,"4":1},"f":{"0":1},"b":{}}
,"/Users/vitormanoel/Desktop/projetos/onp/teste_pleno/src/services/helpers/SendMailNodeMailer.ts": {"path":"/Users/vitormanoel/Desktop/projetos/onp/teste_pleno/src/services/helpers/SendMailNodeMailer.ts","statementMap":{"0":{"start":{"line":1,"column":0},"end":{"line":1,"column":36}},"1":{"start":{"line":3,"column":35},"end":{"line":28,"column":null}},"2":{"start":{"line":3,"column":165},"end":{"line":28,"column":null}},"3":{"start":{"line":4,"column":4},"end":{"line":27,"column":null}},"4":{"start":{"line":5,"column":28},"end":{"line":14,"column":10}},"5":{"start":{"line":16,"column":21},"end":{"line":21,"column":10}},"6":{"start":{"line":23,"column":8},"end":{"line":23,"column":20}},"7":{"start":{"line":26,"column":8},"end":{"line":26,"column":91}},"8":{"start":{"line":3,"column":13},"end":{"line":3,"column":35}}},"fnMap":{"0":{"name":"(anonymous_8)","decl":{"start":{"line":3,"column":35},"end":{"line":3,"column":42}},"loc":{"start":{"line":3,"column":165},"end":{"line":28,"column":null}}},"1":{"name":"(anonymous_9)","decl":{"start":{"line":3,"column":165},"end":{"line":3,"column":null}},"loc":{"start":{"line":3,"column":165},"end":{"line":28,"column":1}}}},"branchMap":{},"s":{"0":2,"1":2,"2":0,"3":0,"4":0,"5":0,"6":0,"7":0,"8":2},"f":{"0":0,"1":0},"b":{}}
}
